<?xml version="1.0" encoding="UTF-8"?>
<!-- Generated by org.testng.reporters.JUnitReportReporter -->
<testsuite hostname="hp" failures="0" tests="1" name="Test_Classes.Test_Class_1" time="33.317" errors="0" timestamp="2023-05-19T15:43:03 IST" skipped="0">
  <testcase classname="Test_Classes.Test_Class_1" name="verifyusername22" time="33.317"/>
  <system-out/>
</testsuite> <!-- Test_Classes.Test_Class_1 -->
